TN:
SF:src\components\CardList.jsx
FN:14,CardList
FN:20,(anonymous_1)
FN:39,(anonymous_2)
FN:48,(anonymous_3)
FNF:4
FNH:0
FNDA:0,CardList
FNDA:0,(anonymous_1)
FNDA:0,(anonymous_2)
FNDA:0,(anonymous_3)
DA:16,0
DA:18,0
DA:21,0
DA:23,0
DA:39,0
DA:48,0
LF:6
LH:0
BRF:0
BRH:0
end_of_record
TN:
SF:src\components\HeartIcon.jsx
FN:7,HeartIcon
FN:13,(anonymous_1)
FNF:2
FNH:2
FNDA:2,HeartIcon
FNDA:1,(anonymous_1)
DA:9,2
DA:10,2
DA:14,1
DA:15,1
DA:29,1
LF:5
LH:5
BRDA:18,0,0,0
BRDA:18,0,1,2
BRF:2
BRH:1
end_of_record
TN:
SF:src\components\HeartIconAnimation.jsx
FN:9,HeartIconAnimation
FN:16,(anonymous_1)
FNF:2
FNH:0
FNDA:0,HeartIconAnimation
FNDA:0,(anonymous_1)
DA:12,0
DA:14,0
DA:17,0
DA:19,0
DA:33,0
LF:5
LH:0
BRDA:22,0,0,0
BRDA:22,0,1,0
BRDA:23,1,0,0
BRDA:23,1,1,0
BRF:4
BRH:0
end_of_record
TN:
SF:src\components\ui\card.jsx
FN:5,(anonymous_0)
FN:17,(anonymous_1)
FN:26,(anonymous_2)
FN:38,(anonymous_3)
FN:47,(anonymous_4)
FN:52,(anonymous_5)
FNF:6
FNH:0
FNDA:0,(anonymous_0)
FNDA:0,(anonymous_1)
FNDA:0,(anonymous_2)
FNDA:0,(anonymous_3)
FNDA:0,(anonymous_4)
FNDA:0,(anonymous_5)
DA:5,0
DA:6,0
DA:15,0
DA:17,0
DA:18,0
DA:24,0
DA:26,0
DA:27,0
DA:36,0
DA:38,0
DA:39,0
DA:45,0
DA:47,0
DA:48,0
DA:50,0
DA:52,0
DA:53,0
DA:59,0
DA:61,0
DA:65,0
DA:69,0
DA:73,0
DA:77,0
DA:81,0
LF:24
LH:0
BRF:0
BRH:0
end_of_record
